lerna(info)    Lerna v2.0.0-beta.30
lerna(debug)   Attempting running RunCommand.initialize
lerna(debug)   Successfully ran RunCommand.initialize
lerna(debug)   Attempting running RunCommand.execute
lerna(info)    
> timepiece-vue@0.0.1 build /Users/xiao/Github/timepiece/packages/timepiece-vue
> rollup -c ./rollup.config.js


lerna(error)   Errored while running npm script 'build' in 'timepiece-vue'
    Error: Command failed: npm run build 
    Could not resolve entry (./src/plugins/vue.js)
    Error: Could not resolve entry (./src/plugins/vue.js)
        at /Users/xiao/Github/timepiece/packages/timepiece-vue/node_modules/rollup/src/Bundle.js:109:29
        at process._tickCallback (internal/process/next_tick.js:103:7)
        at Module.runMain (module.js:607:11)
        at run (bootstrap_node.js:420:7)
        at startup (bootstrap_node.js:139:9)
        at bootstrap_node.js:535:3
    Type rollup --help for help, or visit https://github.com/rollup/rollup/wiki
    
    npm ERR! Darwin 16.1.0
    npm ERR! argv "/usr/local/bin/node" "/usr/local/bin/npm" "run" "build"
    npm ERR! node v7.2.1
    npm ERR! npm  v3.10.10
    npm ERR! code ELIFECYCLE
    npm ERR! timepiece-vue@0.0.1 build: `rollup -c ./rollup.config.js`
    npm ERR! Exit status 1
    npm ERR! 
    npm ERR! Failed at the timepiece-vue@0.0.1 build script 'rollup -c ./rollup.config.js'.
    npm ERR! Make sure you have the latest version of node.js and npm installed.
    npm ERR! If you do, this is most likely a problem with the timepiece-vue package,
    npm ERR! not with npm itself.
    npm ERR! Tell the author that this fails on your system:
    npm ERR!     rollup -c ./rollup.config.js
    npm ERR! You can get information on how to open an issue for this project with:
    npm ERR!     npm bugs timepiece-vue
    npm ERR! Or if that isn't available, you can get their info via:
    npm ERR!     npm owner ls timepiece-vue
    npm ERR! There is likely additional logging output above.
    
    npm ERR! Please include the following file with any support request:
    npm ERR!     /Users/xiao/Github/timepiece/packages/timepiece-vue/npm-debug.log
    
        at ChildProcess.exithandler (child_process.js:211:12)
        at emitTwo (events.js:106:13)
        at ChildProcess.emit (events.js:191:7)
        at maybeClose (internal/child_process.js:885:16)
        at Socket.<anonymous> (internal/child_process.js:334:11)
        at emitOne (events.js:96:13)
        at Socket.emit (events.js:188:7)
        at Pipe._handle.close [as _onclose] (net.js:501:12)
lerna(error)   Errored while running RunCommand.execute
